2025-07-15 14:33:00,620 - LSSVR_GA_20250715_143300 - INFO - 开始实验: LSSVR_GA_20250715_143300
2025-07-15 14:33:00,622 - LSSVR_GA_20250715_143300 - INFO - 🔄 开始数据处理...
2025-07-15 14:33:00,631 - LSSVR_GA_20250715_143300 - INFO - 数据处理完成: 训练集(480, 4), 测试集(120, 4)
2025-07-15 14:33:00,632 - LSSVR_GA_20250715_143300 - INFO - 🤖 创建基础模型...
2025-07-15 14:33:00,656 - LSSVR_GA_20250715_143300 - INFO - 📊 评估基础模型...
2025-07-15 14:33:00,659 - LSSVR_GA_20250715_143300 - INFO - 基础模型性能: R²=0.9261, RMSE=1.8215
2025-07-15 14:33:00,659 - LSSVR_GA_20250715_143300 - INFO - ⚡ 开始超参数优化...
2025-07-15 14:33:28,441 - LSSVR_GA_20250715_143300 - INFO - 优化完成: 最佳分数=-0.7051
2025-07-15 14:33:28,441 - LSSVR_GA_20250715_143300 - INFO - 🎯 训练优化后的模型...
2025-07-15 14:33:28,449 - LSSVR_GA_20250715_143300 - INFO - 优化后模型性能: R²=0.9852, RMSE=0.8140
2025-07-15 14:33:28,449 - LSSVR_GA_20250715_143300 - INFO - 💾 保存结果...
2025-07-15 14:33:28,467 - LSSVR_GA_20250715_143300 - INFO - 📈 生成可视化图表...
2025-07-15 14:33:29,029 - LSSVR_GA_20250715_143300 - INFO - 📊 生成增强可视化图表...
2025-07-15 14:33:29,029 - LSSVR_GA_20250715_143300 - INFO - 🌡️ 生成温度分层可视化...
2025-07-15 14:33:30,118 - LSSVR_GA_20250715_143300 - INFO - 🌡️ 生成温度比较图...
2025-07-15 14:33:31,492 - LSSVR_GA_20250715_143300 - INFO - 📦 生成箱线图...
2025-07-15 14:33:31,824 - LSSVR_GA_20250715_143300 - INFO - 🎯 生成3D可视化...
2025-07-15 14:33:32,467 - LSSVR_GA_20250715_143300 - INFO - 📈 生成论文Figure 5(b)风格的3D表面图...
2025-07-15 14:33:32,467 - LSSVR_GA_20250715_143300 - INFO -    生成R:B=0.5的3D表面图...
2025-07-15 14:33:33,044 - LSSVR_GA_20250715_143300 - INFO -    ✅ 已保存: pn_surface_rb_0.50_paper_style.png
2025-07-15 14:33:33,044 - LSSVR_GA_20250715_143300 - INFO -    生成R:B=0.75的3D表面图...
2025-07-15 14:33:33,579 - LSSVR_GA_20250715_143300 - INFO -    ✅ 已保存: pn_surface_rb_0.75_paper_style.png
2025-07-15 14:33:33,579 - LSSVR_GA_20250715_143300 - INFO -    生成R:B=0.83的3D表面图...
2025-07-15 14:33:34,147 - LSSVR_GA_20250715_143300 - INFO -    ✅ 已保存: pn_surface_rb_0.83_paper_style.png
2025-07-15 14:33:34,148 - LSSVR_GA_20250715_143300 - INFO -    生成R:B=0.88的3D表面图...
2025-07-15 14:33:34,675 - LSSVR_GA_20250715_143300 - INFO -    ✅ 已保存: pn_surface_rb_0.88_paper_style.png
2025-07-15 14:33:34,675 - LSSVR_GA_20250715_143300 - INFO -    生成R:B=1.0的3D表面图...
2025-07-15 14:33:35,249 - LSSVR_GA_20250715_143300 - INFO -    ✅ 已保存: pn_surface_rb_1.00_paper_style.png
2025-07-15 14:33:35,249 - LSSVR_GA_20250715_143300 - INFO - 📊 生成所有R:B比值的对比图...
2025-07-15 14:33:37,348 - LSSVR_GA_20250715_143300 - INFO -    ✅ 已保存: pn_surfaces_all_rb_comparison.png
2025-07-15 14:33:37,349 - LSSVR_GA_20250715_143300 - INFO - 📊 生成模型性能分析图...
2025-07-15 14:33:37,794 - LSSVR_GA_20250715_143300 - INFO - 📝 生成统计报告...
2025-07-15 14:33:37,799 - LSSVR_GA_20250715_143300 - INFO - ✅ 增强可视化图表生成完成，保存在: results/LSSVR_GA_20250715_143300/plots
2025-07-15 14:33:37,799 - LSSVR_GA_20250715_143300 - INFO - 📋 生成的图表文件:
2025-07-15 14:33:37,799 - LSSVR_GA_20250715_143300 - INFO -    - 3d_visualization.png: 综合3D可视化
2025-07-15 14:33:37,799 - LSSVR_GA_20250715_143300 - INFO -    - pn_surface_rb_*.png: 每个R:B比值的论文风格3D表面图
2025-07-15 14:33:37,799 - LSSVR_GA_20250715_143300 - INFO -    - pn_surfaces_all_rb_comparison.png: 所有R:B比值对比图
2025-07-15 14:33:37,799 - LSSVR_GA_20250715_143300 - INFO -    - model_performance_analysis.png: 模型性能分析
2025-07-15 14:33:37,799 - LSSVR_GA_20250715_143300 - INFO -    - statistical_analysis_results.txt: 统计分析报告
2025-07-15 14:33:37,799 - LSSVR_GA_20250715_143300 - INFO - 📝 实验总结:
2025-07-15 14:33:37,799 - LSSVR_GA_20250715_143300 - INFO -   基础模型 R²: 0.9261
2025-07-15 14:33:37,799 - LSSVR_GA_20250715_143300 - INFO -   优化后模型 R²: 0.9852
2025-07-15 14:33:37,799 - LSSVR_GA_20250715_143300 - INFO -   R² 提升: 0.0592
2025-07-15 14:33:37,799 - LSSVR_GA_20250715_143300 - INFO -   RMSE 改善: 1.0075
