2025-07-17 11:43:42,314 - GPR_CMAES_20250717_114342 - INFO - 开始实验: GPR_CMAES_20250717_114342
2025-07-17 11:43:42,316 - GPR_CMAES_20250717_114342 - INFO - 🔄 开始数据处理...
2025-07-17 11:43:42,354 - GPR_CMAES_20250717_114342 - INFO - 数据处理完成: 训练集(480, 4), 测试集(120, 4)
2025-07-17 11:43:42,354 - GPR_CMAES_20250717_114342 - INFO - 🤖 创建基础模型...
2025-07-17 11:43:44,536 - GPR_CMAES_20250717_114342 - INFO - 📊 评估基础模型...
2025-07-17 11:43:44,550 - GPR_CMAES_20250717_114342 - INFO - 基础模型性能: R²=0.9265, RMSE=1.8166
2025-07-17 11:43:44,551 - GPR_CMAES_20250717_114342 - INFO - 🔄 并行计算设置: n_jobs=-1
2025-07-17 11:43:44,551 - GPR_CMAES_20250717_114342 - INFO - ⚡ 开始超参数优化...
2025-07-17 11:53:39,700 - GPR_CMAES_20250717_114342 - INFO - 优化完成: 最佳分数=0.1740
2025-07-17 11:53:39,700 - GPR_CMAES_20250717_114342 - INFO - 🎯 训练优化后的模型...
2025-07-17 11:53:48,632 - GPR_CMAES_20250717_114342 - INFO - 优化后模型性能: R²=0.9918, RMSE=0.6070
2025-07-17 11:53:48,632 - GPR_CMAES_20250717_114342 - INFO - 💾 保存结果...
2025-07-17 11:53:48,662 - GPR_CMAES_20250717_114342 - INFO - 📈 生成可视化图表...
2025-07-17 11:53:49,367 - GPR_CMAES_20250717_114342 - INFO - 📊 生成增强可视化图表...
2025-07-17 11:53:49,367 - GPR_CMAES_20250717_114342 - INFO - 🌡️ 生成温度分层可视化...
2025-07-17 11:53:50,438 - GPR_CMAES_20250717_114342 - INFO - 🌡️ 生成温度比较图...
2025-07-17 11:53:51,701 - GPR_CMAES_20250717_114342 - INFO - 📦 生成箱线图...
2025-07-17 11:53:51,995 - GPR_CMAES_20250717_114342 - INFO - 🎯 生成3D可视化...
2025-07-17 11:53:52,844 - GPR_CMAES_20250717_114342 - INFO - 📈 生成论文Figure 5(b)风格的3D表面图...
2025-07-17 11:53:52,844 - GPR_CMAES_20250717_114342 - INFO -    生成R:B=0.5的3D表面图...
2025-07-17 11:53:53,614 - GPR_CMAES_20250717_114342 - INFO -    ✅ 已保存: pn_surface_rb_0.50_paper_style.png
2025-07-17 11:53:53,614 - GPR_CMAES_20250717_114342 - INFO -    生成R:B=0.75的3D表面图...
2025-07-17 11:53:54,323 - GPR_CMAES_20250717_114342 - INFO -    ✅ 已保存: pn_surface_rb_0.75_paper_style.png
2025-07-17 11:53:54,323 - GPR_CMAES_20250717_114342 - INFO -    生成R:B=0.83的3D表面图...
2025-07-17 11:53:55,055 - GPR_CMAES_20250717_114342 - INFO -    ✅ 已保存: pn_surface_rb_0.83_paper_style.png
2025-07-17 11:53:55,055 - GPR_CMAES_20250717_114342 - INFO -    生成R:B=0.88的3D表面图...
2025-07-17 11:53:55,806 - GPR_CMAES_20250717_114342 - INFO -    ✅ 已保存: pn_surface_rb_0.88_paper_style.png
2025-07-17 11:53:55,806 - GPR_CMAES_20250717_114342 - INFO -    生成R:B=1.0的3D表面图...
2025-07-17 11:53:56,531 - GPR_CMAES_20250717_114342 - INFO -    ✅ 已保存: pn_surface_rb_1.00_paper_style.png
2025-07-17 11:53:56,531 - GPR_CMAES_20250717_114342 - INFO - 📊 生成所有R:B比值的对比图...
2025-07-17 11:53:59,618 - GPR_CMAES_20250717_114342 - INFO -    ✅ 已保存: pn_surfaces_all_rb_comparison.png
2025-07-17 11:53:59,618 - GPR_CMAES_20250717_114342 - INFO - 📊 生成模型性能分析图...
2025-07-17 11:54:00,108 - GPR_CMAES_20250717_114342 - INFO - 📝 生成统计报告...
2025-07-17 11:54:00,114 - GPR_CMAES_20250717_114342 - INFO - ✅ 增强可视化图表生成完成，保存在: results/GPR_CMAES_20250717_114342/plots
2025-07-17 11:54:00,114 - GPR_CMAES_20250717_114342 - INFO - 📋 生成的图表文件:
2025-07-17 11:54:00,114 - GPR_CMAES_20250717_114342 - INFO -    - 3d_visualization.png: 综合3D可视化
2025-07-17 11:54:00,114 - GPR_CMAES_20250717_114342 - INFO -    - pn_surface_rb_*.png: 每个R:B比值的论文风格3D表面图
2025-07-17 11:54:00,114 - GPR_CMAES_20250717_114342 - INFO -    - pn_surfaces_all_rb_comparison.png: 所有R:B比值对比图
2025-07-17 11:54:00,114 - GPR_CMAES_20250717_114342 - INFO -    - model_performance_analysis.png: 模型性能分析
2025-07-17 11:54:00,114 - GPR_CMAES_20250717_114342 - INFO -    - statistical_analysis_results.txt: 统计分析报告
2025-07-17 11:54:00,114 - GPR_CMAES_20250717_114342 - INFO - 📝 实验总结:
2025-07-17 11:54:00,114 - GPR_CMAES_20250717_114342 - INFO -   基础模型 R²: 0.9265
2025-07-17 11:54:00,114 - GPR_CMAES_20250717_114342 - INFO -   优化后模型 R²: 0.9918
2025-07-17 11:54:00,114 - GPR_CMAES_20250717_114342 - INFO -   R² 提升: 0.0653
2025-07-17 11:54:00,114 - GPR_CMAES_20250717_114342 - INFO -   RMSE 改善: 1.2096
