2025-07-17 11:23:50,830 - GPR_TPE_20250717_112350 - INFO - 开始实验: GPR_TPE_20250717_112350
2025-07-17 11:23:50,832 - GPR_TPE_20250717_112350 - INFO - 🔄 开始数据处理...
2025-07-17 11:23:50,880 - GPR_TPE_20250717_112350 - INFO - 数据处理完成: 训练集(480, 4), 测试集(120, 4)
2025-07-17 11:23:50,881 - GPR_TPE_20250717_112350 - INFO - 🤖 创建基础模型...
2025-07-17 11:23:52,770 - GPR_TPE_20250717_112350 - INFO - 📊 评估基础模型...
2025-07-17 11:23:52,782 - GPR_TPE_20250717_112350 - INFO - 基础模型性能: R²=0.9265, RMSE=1.8166
2025-07-17 11:23:52,782 - GPR_TPE_20250717_112350 - INFO - 🔄 并行计算设置: n_jobs=-1
2025-07-17 11:23:52,782 - GPR_TPE_20250717_112350 - INFO - ⚡ 开始超参数优化...
2025-07-17 11:31:08,691 - GPR_TPE_20250717_112350 - INFO - 优化完成: 最佳分数=0.1729
2025-07-17 11:31:08,691 - GPR_TPE_20250717_112350 - INFO - 🎯 训练优化后的模型...
2025-07-17 11:31:12,636 - GPR_TPE_20250717_112350 - INFO - 优化后模型性能: R²=0.9918, RMSE=0.6070
2025-07-17 11:31:12,636 - GPR_TPE_20250717_112350 - INFO - 💾 保存结果...
2025-07-17 11:31:12,661 - GPR_TPE_20250717_112350 - INFO - 📈 生成可视化图表...
2025-07-17 11:31:13,358 - GPR_TPE_20250717_112350 - INFO - 📊 生成增强可视化图表...
2025-07-17 11:31:13,359 - GPR_TPE_20250717_112350 - INFO - 🌡️ 生成温度分层可视化...
2025-07-17 11:31:14,416 - GPR_TPE_20250717_112350 - INFO - 🌡️ 生成温度比较图...
2025-07-17 11:31:15,737 - GPR_TPE_20250717_112350 - INFO - 📦 生成箱线图...
2025-07-17 11:31:16,044 - GPR_TPE_20250717_112350 - INFO - 🎯 生成3D可视化...
2025-07-17 11:31:17,205 - GPR_TPE_20250717_112350 - INFO - 📈 生成论文Figure 5(b)风格的3D表面图...
2025-07-17 11:31:17,205 - GPR_TPE_20250717_112350 - INFO -    生成R:B=0.5的3D表面图...
2025-07-17 11:31:17,920 - GPR_TPE_20250717_112350 - INFO -    ✅ 已保存: pn_surface_rb_0.50_paper_style.png
2025-07-17 11:31:17,920 - GPR_TPE_20250717_112350 - INFO -    生成R:B=0.75的3D表面图...
2025-07-17 11:31:18,656 - GPR_TPE_20250717_112350 - INFO -    ✅ 已保存: pn_surface_rb_0.75_paper_style.png
2025-07-17 11:31:18,656 - GPR_TPE_20250717_112350 - INFO -    生成R:B=0.83的3D表面图...
2025-07-17 11:31:19,366 - GPR_TPE_20250717_112350 - INFO -    ✅ 已保存: pn_surface_rb_0.83_paper_style.png
2025-07-17 11:31:19,366 - GPR_TPE_20250717_112350 - INFO -    生成R:B=0.88的3D表面图...
2025-07-17 11:31:20,125 - GPR_TPE_20250717_112350 - INFO -    ✅ 已保存: pn_surface_rb_0.88_paper_style.png
2025-07-17 11:31:20,125 - GPR_TPE_20250717_112350 - INFO -    生成R:B=1.0的3D表面图...
2025-07-17 11:31:20,863 - GPR_TPE_20250717_112350 - INFO -    ✅ 已保存: pn_surface_rb_1.00_paper_style.png
2025-07-17 11:31:20,863 - GPR_TPE_20250717_112350 - INFO - 📊 生成所有R:B比值的对比图...
2025-07-17 11:31:23,922 - GPR_TPE_20250717_112350 - INFO -    ✅ 已保存: pn_surfaces_all_rb_comparison.png
2025-07-17 11:31:23,922 - GPR_TPE_20250717_112350 - INFO - 📊 生成模型性能分析图...
2025-07-17 11:31:24,395 - GPR_TPE_20250717_112350 - INFO - 📝 生成统计报告...
2025-07-17 11:31:24,401 - GPR_TPE_20250717_112350 - INFO - ✅ 增强可视化图表生成完成，保存在: results/GPR_TPE_20250717_112350/plots
2025-07-17 11:31:24,401 - GPR_TPE_20250717_112350 - INFO - 📋 生成的图表文件:
2025-07-17 11:31:24,401 - GPR_TPE_20250717_112350 - INFO -    - 3d_visualization.png: 综合3D可视化
2025-07-17 11:31:24,401 - GPR_TPE_20250717_112350 - INFO -    - pn_surface_rb_*.png: 每个R:B比值的论文风格3D表面图
2025-07-17 11:31:24,401 - GPR_TPE_20250717_112350 - INFO -    - pn_surfaces_all_rb_comparison.png: 所有R:B比值对比图
2025-07-17 11:31:24,401 - GPR_TPE_20250717_112350 - INFO -    - model_performance_analysis.png: 模型性能分析
2025-07-17 11:31:24,401 - GPR_TPE_20250717_112350 - INFO -    - statistical_analysis_results.txt: 统计分析报告
2025-07-17 11:31:24,401 - GPR_TPE_20250717_112350 - INFO - 📝 实验总结:
2025-07-17 11:31:24,401 - GPR_TPE_20250717_112350 - INFO -   基础模型 R²: 0.9265
2025-07-17 11:31:24,401 - GPR_TPE_20250717_112350 - INFO -   优化后模型 R²: 0.9918
2025-07-17 11:31:24,401 - GPR_TPE_20250717_112350 - INFO -   R² 提升: 0.0653
2025-07-17 11:31:24,401 - GPR_TPE_20250717_112350 - INFO -   RMSE 改善: 1.2096
