2025-07-14 19:08:44,142 - lssvr_ga_20250714_190844 - INFO - 开始实验: lssvr_ga_20250714_190844
2025-07-14 19:08:44,144 - lssvr_ga_20250714_190844 - INFO - 🔄 开始数据处理...
2025-07-14 19:08:44,154 - lssvr_ga_20250714_190844 - INFO - 数据处理完成: 训练集(480, 4), 测试集(120, 4)
2025-07-14 19:08:44,154 - lssvr_ga_20250714_190844 - INFO - 🤖 创建基础模型...
2025-07-14 19:08:44,188 - lssvr_ga_20250714_190844 - INFO - 📊 评估基础模型...
2025-07-14 19:08:44,195 - lssvr_ga_20250714_190844 - INFO - 基础模型性能: R²=0.9261, RMSE=1.8215
2025-07-14 19:08:44,195 - lssvr_ga_20250714_190844 - INFO - ⚡ 开始超参数优化...
2025-07-14 19:09:14,715 - lssvr_ga_20250714_190844 - INFO - 优化完成: 最佳分数=-0.7135
2025-07-14 19:09:14,715 - lssvr_ga_20250714_190844 - INFO - 🎯 训练优化后的模型...
2025-07-14 19:09:14,722 - lssvr_ga_20250714_190844 - INFO - 优化后模型性能: R²=0.9862, RMSE=0.7869
2025-07-14 19:09:14,722 - lssvr_ga_20250714_190844 - INFO - 💾 保存结果...
2025-07-14 19:09:14,747 - lssvr_ga_20250714_190844 - INFO - 📈 生成可视化图表...
2025-07-14 19:09:15,404 - lssvr_ga_20250714_190844 - INFO - 📊 生成增强可视化图表...
2025-07-14 19:09:15,404 - lssvr_ga_20250714_190844 - INFO - 🌡️ 生成温度分层可视化...
2025-07-14 19:09:16,502 - lssvr_ga_20250714_190844 - INFO - 🌡️ 生成温度比较图...
2025-07-14 19:09:17,776 - lssvr_ga_20250714_190844 - INFO - 📦 生成箱线图...
2025-07-14 19:09:18,129 - lssvr_ga_20250714_190844 - INFO - 🎯 生成3D可视化...
2025-07-14 19:09:18,788 - lssvr_ga_20250714_190844 - INFO - 📊 生成模型性能分析图...
2025-07-14 19:09:19,269 - lssvr_ga_20250714_190844 - INFO - 📝 生成统计报告...
2025-07-14 19:09:19,286 - lssvr_ga_20250714_190844 - INFO - ✅ 增强可视化图表生成完成，保存在: results/lssvr_ga_20250714_190844/plots
2025-07-14 19:09:19,286 - lssvr_ga_20250714_190844 - INFO - 📝 实验总结:
2025-07-14 19:09:19,286 - lssvr_ga_20250714_190844 - INFO -   基础模型 R²: 0.9261
2025-07-14 19:09:19,286 - lssvr_ga_20250714_190844 - INFO -   优化后模型 R²: 0.9862
2025-07-14 19:09:19,286 - lssvr_ga_20250714_190844 - INFO -   R² 提升: 0.0601
2025-07-14 19:09:19,286 - lssvr_ga_20250714_190844 - INFO -   RMSE 改善: 1.0346
