2025-07-15 11:34:20,471 - LSSVR_GA_20250715_113420 - INFO - 开始实验: LSSVR_GA_20250715_113420
2025-07-15 11:34:20,473 - LSSVR_GA_20250715_113420 - INFO - 🔄 开始数据处理...
2025-07-15 11:34:20,477 - LSSVR_GA_20250715_113420 - INFO - 数据处理完成: 训练集(480, 4), 测试集(120, 4)
2025-07-15 11:34:20,477 - LSSVR_GA_20250715_113420 - INFO - 🤖 创建基础模型...
2025-07-15 11:34:20,507 - LSSVR_GA_20250715_113420 - INFO - 📊 评估基础模型...
2025-07-15 11:34:20,512 - LSSVR_GA_20250715_113420 - INFO - 基础模型性能: R²=0.9261, RMSE=1.8215
2025-07-15 11:34:20,512 - LSSVR_GA_20250715_113420 - INFO - ⚡ 开始超参数优化...
2025-07-15 11:34:50,392 - LSSVR_GA_20250715_113420 - INFO - 优化完成: 最佳分数=-0.7034
2025-07-15 11:34:50,392 - LSSVR_GA_20250715_113420 - INFO - 🎯 训练优化后的模型...
2025-07-15 11:34:50,425 - LSSVR_GA_20250715_113420 - INFO - 优化后模型性能: R²=0.9860, RMSE=0.7925
2025-07-15 11:34:50,426 - LSSVR_GA_20250715_113420 - INFO - 💾 保存结果...
2025-07-15 11:34:50,437 - LSSVR_GA_20250715_113420 - INFO - 📈 生成可视化图表...
2025-07-15 11:34:51,161 - LSSVR_GA_20250715_113420 - INFO - 📊 生成增强可视化图表...
2025-07-15 11:34:51,162 - LSSVR_GA_20250715_113420 - INFO - 🌡️ 生成温度分层可视化...
2025-07-15 11:34:52,540 - LSSVR_GA_20250715_113420 - INFO - 🌡️ 生成温度比较图...
2025-07-15 11:34:54,010 - LSSVR_GA_20250715_113420 - INFO - 📦 生成箱线图...
2025-07-15 11:34:54,352 - LSSVR_GA_20250715_113420 - INFO - 🎯 生成3D可视化...
2025-07-15 11:34:55,008 - LSSVR_GA_20250715_113420 - INFO - 📈 生成论文Figure 5(b)风格的3D表面图...
2025-07-15 11:34:55,008 - LSSVR_GA_20250715_113420 - INFO -    生成R:B=0.5的3D表面图...
2025-07-15 11:34:55,596 - LSSVR_GA_20250715_113420 - INFO -    ✅ 已保存: pn_surface_rb_0.50_paper_style.png
2025-07-15 11:34:55,596 - LSSVR_GA_20250715_113420 - INFO -    生成R:B=0.75的3D表面图...
2025-07-15 11:34:56,146 - LSSVR_GA_20250715_113420 - INFO -    ✅ 已保存: pn_surface_rb_0.75_paper_style.png
2025-07-15 11:34:56,146 - LSSVR_GA_20250715_113420 - INFO -    生成R:B=0.83的3D表面图...
2025-07-15 11:34:56,751 - LSSVR_GA_20250715_113420 - INFO -    ✅ 已保存: pn_surface_rb_0.83_paper_style.png
2025-07-15 11:34:56,752 - LSSVR_GA_20250715_113420 - INFO -    生成R:B=0.88的3D表面图...
2025-07-15 11:34:57,292 - LSSVR_GA_20250715_113420 - INFO -    ✅ 已保存: pn_surface_rb_0.88_paper_style.png
2025-07-15 11:34:57,292 - LSSVR_GA_20250715_113420 - INFO -    生成R:B=1.0的3D表面图...
2025-07-15 11:34:57,906 - LSSVR_GA_20250715_113420 - INFO -    ✅ 已保存: pn_surface_rb_1.00_paper_style.png
2025-07-15 11:34:57,906 - LSSVR_GA_20250715_113420 - INFO - 📊 生成所有R:B比值的对比图...
2025-07-15 11:35:00,084 - LSSVR_GA_20250715_113420 - INFO -    ✅ 已保存: pn_surfaces_all_rb_comparison.png
2025-07-15 11:35:00,084 - LSSVR_GA_20250715_113420 - INFO - 📊 生成模型性能分析图...
2025-07-15 11:35:00,533 - LSSVR_GA_20250715_113420 - INFO - 📝 生成统计报告...
2025-07-15 11:35:00,538 - LSSVR_GA_20250715_113420 - INFO - ✅ 增强可视化图表生成完成，保存在: results/LSSVR_GA_20250715_113420/plots
2025-07-15 11:35:00,538 - LSSVR_GA_20250715_113420 - INFO - 📋 生成的图表文件:
2025-07-15 11:35:00,539 - LSSVR_GA_20250715_113420 - INFO -    - 3d_visualization.png: 综合3D可视化
2025-07-15 11:35:00,539 - LSSVR_GA_20250715_113420 - INFO -    - pn_surface_rb_*.png: 每个R:B比值的论文风格3D表面图
2025-07-15 11:35:00,539 - LSSVR_GA_20250715_113420 - INFO -    - pn_surfaces_all_rb_comparison.png: 所有R:B比值对比图
2025-07-15 11:35:00,539 - LSSVR_GA_20250715_113420 - INFO -    - model_performance_analysis.png: 模型性能分析
2025-07-15 11:35:00,539 - LSSVR_GA_20250715_113420 - INFO -    - statistical_analysis_results.txt: 统计分析报告
2025-07-15 11:35:00,539 - LSSVR_GA_20250715_113420 - INFO - 📝 实验总结:
2025-07-15 11:35:00,539 - LSSVR_GA_20250715_113420 - INFO -   基础模型 R²: 0.9261
2025-07-15 11:35:00,539 - LSSVR_GA_20250715_113420 - INFO -   优化后模型 R²: 0.9860
2025-07-15 11:35:00,539 - LSSVR_GA_20250715_113420 - INFO -   R² 提升: 0.0599
2025-07-15 11:35:00,539 - LSSVR_GA_20250715_113420 - INFO -   RMSE 改善: 1.0290
